0 info it worked if it ends with ok
1 verbose cli [ '/usr/bin/node',
1 verbose cli   '/usr/bin/npm',
1 verbose cli   'install',
1 verbose cli   '-g',
1 verbose cli   'yo',
1 verbose cli   'grunt-cli',
1 verbose cli   'bower' ]
2 info using npm@1.2.10
3 info using node@v0.8.19
4 verbose read json /usr/lib/package.json
5 verbose read json /usr/lib/package.json
6 verbose cache add [ 'yo', null ]
7 verbose cache add name=undefined spec="yo" args=["yo",null]
8 verbose parsed url { pathname: 'yo', path: 'yo', href: 'yo' }
9 verbose cache add [ 'grunt-cli', null ]
10 verbose cache add name=undefined spec="grunt-cli" args=["grunt-cli",null]
11 verbose parsed url { pathname: 'grunt-cli', path: 'grunt-cli', href: 'grunt-cli' }
12 verbose cache add [ 'bower', null ]
13 verbose cache add name=undefined spec="bower" args=["bower",null]
14 verbose parsed url { pathname: 'bower', path: 'bower', href: 'bower' }
15 silly lockFile c41975d1-yo yo
16 verbose lock yo /home/axyz/.npm/c41975d1-yo.lock
17 silly lockFile 671ef8ac-grunt-cli grunt-cli
18 verbose lock grunt-cli /home/axyz/.npm/671ef8ac-grunt-cli.lock
19 silly lockFile 206e3ce5-bower bower
20 verbose lock bower /home/axyz/.npm/206e3ce5-bower.lock
21 silly lockFile c41975d1-yo yo
22 silly lockFile c41975d1-yo yo
23 silly lockFile 671ef8ac-grunt-cli grunt-cli
24 silly lockFile 671ef8ac-grunt-cli grunt-cli
25 silly lockFile 206e3ce5-bower bower
26 silly lockFile 206e3ce5-bower bower
27 verbose addNamed [ 'grunt-cli', '' ]
28 verbose addNamed [ null, '' ]
29 silly lockFile d63f3d0b-grunt-cli grunt-cli@
30 verbose lock grunt-cli@ /home/axyz/.npm/d63f3d0b-grunt-cli.lock
31 verbose addNamed [ 'yo', '' ]
32 verbose addNamed [ null, '' ]
33 silly lockFile d937c28e-yo yo@
34 verbose lock yo@ /home/axyz/.npm/d937c28e-yo.lock
35 verbose addNamed [ 'bower', '' ]
36 verbose addNamed [ null, '' ]
37 silly lockFile 1240aab1-bower bower@
38 verbose lock bower@ /home/axyz/.npm/1240aab1-bower.lock
39 silly addNameRange { name: 'grunt-cli', range: '', hasData: false }
40 silly addNameRange { name: 'yo', range: '', hasData: false }
41 silly addNameRange { name: 'bower', range: '', hasData: false }
42 verbose url raw grunt-cli
43 verbose url resolving [ 'https://registry.npmjs.org/', './grunt-cli' ]
44 verbose url resolved https://registry.npmjs.org/grunt-cli
45 info trying registry request attempt 1 at 15:26:04
46 http GET https://registry.npmjs.org/grunt-cli
47 verbose url raw yo
48 verbose url resolving [ 'https://registry.npmjs.org/', './yo' ]
49 verbose url resolved https://registry.npmjs.org/yo
50 info trying registry request attempt 1 at 15:26:04
51 http GET https://registry.npmjs.org/yo
52 verbose url raw bower
53 verbose url resolving [ 'https://registry.npmjs.org/', './bower' ]
54 verbose url resolved https://registry.npmjs.org/bower
55 info trying registry request attempt 1 at 15:26:04
56 http GET https://registry.npmjs.org/bower
57 http 200 https://registry.npmjs.org/grunt-cli
58 silly registry.get cb [ 200,
58 silly registry.get   { vary: 'Accept',
58 silly registry.get     server: 'CouchDB/1.2.1 (Erlang OTP/R15B03)',
58 silly registry.get     etag: '"66BAKMJEGWU0JP0CDURBAT5XG"',
58 silly registry.get     date: 'Wed, 20 Feb 2013 14:26:09 GMT',
58 silly registry.get     'content-type': 'application/json',
58 silly registry.get     'content-length': '14144' } ]
59 silly addNameRange number 2 { name: 'grunt-cli', range: '', hasData: true }
60 silly addNameRange versions [ 'grunt-cli',
60 silly addNameRange   [ '0.1.0', '0.1.1', '0.1.2', '0.1.3', '0.1.4', '0.1.5', '0.1.6' ] ]
61 verbose addNamed [ 'grunt-cli', '0.1.6' ]
62 verbose addNamed [ '0.1.6', '0.1.6' ]
63 silly lockFile dc8a40ae-grunt-cli-0-1-6 grunt-cli@0.1.6
64 verbose lock grunt-cli@0.1.6 /home/axyz/.npm/dc8a40ae-grunt-cli-0-1-6.lock
65 silly lockFile c8f06e91-rg-grunt-cli-grunt-cli-0-1-6-tgz https://registry.npmjs.org/grunt-cli/-/grunt-cli-0.1.6.tgz
66 verbose lock https://registry.npmjs.org/grunt-cli/-/grunt-cli-0.1.6.tgz /home/axyz/.npm/c8f06e91-rg-grunt-cli-grunt-cli-0-1-6-tgz.lock
67 verbose addRemoteTarball [ 'https://registry.npmjs.org/grunt-cli/-/grunt-cli-0.1.6.tgz',
67 verbose addRemoteTarball   'fd541b4ed908215229f8444e73e18cdbb626f413' ]
68 info retry fetch attempt 1 at 15:26:05
69 verbose fetch to= /home/axyz/tmp/npm-29539/1361370365227-0.5929554756730795/tmp.tgz
70 http GET https://registry.npmjs.org/grunt-cli/-/grunt-cli-0.1.6.tgz
71 http 200 https://registry.npmjs.org/yo
72 silly registry.get cb [ 200,
72 silly registry.get   { vary: 'Accept',
72 silly registry.get     server: 'CouchDB/1.2.1 (Erlang OTP/R15B03)',
72 silly registry.get     etag: '"AAISAIC9CSHWE2RR4XART892P"',
72 silly registry.get     date: 'Wed, 20 Feb 2013 14:26:09 GMT',
72 silly registry.get     'content-type': 'application/json',
72 silly registry.get     'content-length': '15990' } ]
73 silly addNameRange number 2 { name: 'yo', range: '', hasData: true }
74 silly addNameRange versions [ 'yo', [ '1.0.0-beta.1', '1.0.0-beta.2' ] ]
75 verbose addNamed [ 'yo', '1.0.0-beta.2' ]
76 verbose addNamed [ '1.0.0-beta.2', '1.0.0-beta.2' ]
77 silly lockFile b418f18d-yo-1-0-0-beta-2 yo@1.0.0-beta.2
78 verbose lock yo@1.0.0-beta.2 /home/axyz/.npm/b418f18d-yo-1-0-0-beta-2.lock
79 silly lockFile f2a0c2b8-npmjs-org-yo-yo-1-0-0-beta-2-tgz https://registry.npmjs.org/yo/-/yo-1.0.0-beta.2.tgz
80 verbose lock https://registry.npmjs.org/yo/-/yo-1.0.0-beta.2.tgz /home/axyz/.npm/f2a0c2b8-npmjs-org-yo-yo-1-0-0-beta-2-tgz.lock
81 verbose addRemoteTarball [ 'https://registry.npmjs.org/yo/-/yo-1.0.0-beta.2.tgz',
81 verbose addRemoteTarball   '675dfda266b2693dcd05dc1fed95b223b67e0ba3' ]
82 info retry fetch attempt 1 at 15:26:05
83 verbose fetch to= /home/axyz/tmp/npm-29539/1361370365273-0.4449449609965086/tmp.tgz
84 http GET https://registry.npmjs.org/yo/-/yo-1.0.0-beta.2.tgz
85 http 200 https://registry.npmjs.org/bower
86 silly registry.get cb [ 200,
86 silly registry.get   { vary: 'Accept',
86 silly registry.get     server: 'CouchDB/1.2.1 (Erlang OTP/R15B03)',
86 silly registry.get     etag: '"488IJTUFWX2DWCMCH1NJYL4MC"',
86 silly registry.get     date: 'Wed, 20 Feb 2013 14:26:09 GMT',
86 silly registry.get     'content-type': 'application/json',
86 silly registry.get     'content-length': '266788' } ]
87 silly addNameRange number 2 { name: 'bower', range: '', hasData: true }
88 silly addNameRange versions [ 'bower',
88 silly addNameRange   [ '0.1.0',
88 silly addNameRange     '0.1.2',
88 silly addNameRange     '0.1.3',
88 silly addNameRange     '0.2.0',
88 silly addNameRange     '0.3.0',
88 silly addNameRange     '0.3.1',
88 silly addNameRange     '0.3.2',
88 silly addNameRange     '0.4.0',
88 silly addNameRange     '0.5.0',
88 silly addNameRange     '0.5.1',
88 silly addNameRange     '0.6.0',
88 silly addNameRange     '0.6.1',
88 silly addNameRange     '0.6.2',
88 silly addNameRange     '0.6.3',
88 silly addNameRange     '0.6.4',
88 silly addNameRange     '0.6.5',
88 silly addNameRange     '0.6.6',
88 silly addNameRange     '0.6.7',
88 silly addNameRange     '0.6.8',
88 silly addNameRange     '0.7.0',
88 silly addNameRange     '0.7.1' ] ]
89 verbose addNamed [ 'bower', '0.7.1' ]
90 verbose addNamed [ '0.7.1', '0.7.1' ]
91 silly lockFile 3fff1a02-bower-0-7-1 bower@0.7.1
92 verbose lock bower@0.7.1 /home/axyz/.npm/3fff1a02-bower-0-7-1.lock
93 silly lockFile ee13f4ce--npmjs-org-bower-bower-0-7-1-tgz https://registry.npmjs.org/bower/-/bower-0.7.1.tgz
94 verbose lock https://registry.npmjs.org/bower/-/bower-0.7.1.tgz /home/axyz/.npm/ee13f4ce--npmjs-org-bower-bower-0-7-1-tgz.lock
95 verbose addRemoteTarball [ 'https://registry.npmjs.org/bower/-/bower-0.7.1.tgz',
95 verbose addRemoteTarball   '39ab3552fdd906bc6b8fbbf4218a9dd06b4c20b6' ]
96 info retry fetch attempt 1 at 15:26:06
97 verbose fetch to= /home/axyz/tmp/npm-29539/1361370366156-0.9309386417735368/tmp.tgz
98 http GET https://registry.npmjs.org/bower/-/bower-0.7.1.tgz
99 http 200 https://registry.npmjs.org/grunt-cli/-/grunt-cli-0.1.6.tgz
100 http 200 https://registry.npmjs.org/yo/-/yo-1.0.0-beta.2.tgz
101 silly shasum updated bytes 4246
102 info shasum fd541b4ed908215229f8444e73e18cdbb626f413
102 info shasum /home/axyz/tmp/npm-29539/1361370365227-0.5929554756730795/tmp.tgz
103 verbose tar unpack /home/axyz/tmp/npm-29539/1361370365227-0.5929554756730795/tmp.tgz
104 silly lockFile 726eeeb1-65227-0-5929554756730795-package /home/axyz/tmp/npm-29539/1361370365227-0.5929554756730795/package
105 verbose lock /home/axyz/tmp/npm-29539/1361370365227-0.5929554756730795/package /home/axyz/.npm/726eeeb1-65227-0-5929554756730795-package.lock
106 silly lockFile 0b425a01-65227-0-5929554756730795-tmp-tgz /home/axyz/tmp/npm-29539/1361370365227-0.5929554756730795/tmp.tgz
107 verbose lock /home/axyz/tmp/npm-29539/1361370365227-0.5929554756730795/tmp.tgz /home/axyz/.npm/0b425a01-65227-0-5929554756730795-tmp-tgz.lock
108 silly gunzTarPerm modes [ '755', '644' ]
109 silly gunzTarPerm extractEntry package.json
110 silly gunzTarPerm extractEntry .npmignore
111 silly gunzTarPerm extractEntry README.md
112 silly gunzTarPerm extractEntry Gruntfile.js
113 silly gunzTarPerm extractEntry .travis.yml
114 silly gunzTarPerm extractEntry AUTHORS
115 silly gunzTarPerm extractEntry bin/grunt
116 silly gunzTarPerm extractEntry completion/bash
117 silly gunzTarPerm extractEntry lib/cli.js
118 silly gunzTarPerm extractEntry lib/completion.js
119 silly gunzTarPerm extractEntry lib/info.js
120 silly gunzTarPerm extractEntry LICENSE-MIT
121 verbose read json /home/axyz/tmp/npm-29539/1361370365227-0.5929554756730795/package/package.json
122 silly lockFile 726eeeb1-65227-0-5929554756730795-package /home/axyz/tmp/npm-29539/1361370365227-0.5929554756730795/package
123 silly lockFile 726eeeb1-65227-0-5929554756730795-package /home/axyz/tmp/npm-29539/1361370365227-0.5929554756730795/package
124 silly lockFile 0b425a01-65227-0-5929554756730795-tmp-tgz /home/axyz/tmp/npm-29539/1361370365227-0.5929554756730795/tmp.tgz
125 silly lockFile 0b425a01-65227-0-5929554756730795-tmp-tgz /home/axyz/tmp/npm-29539/1361370365227-0.5929554756730795/tmp.tgz
126 verbose from cache /home/axyz/tmp/npm-29539/1361370365227-0.5929554756730795/package/package.json
127 verbose tar pack [ '/home/axyz/.npm/grunt-cli/0.1.6/package.tgz',
127 verbose tar pack   '/home/axyz/tmp/npm-29539/1361370365227-0.5929554756730795/package' ]
128 verbose tarball /home/axyz/.npm/grunt-cli/0.1.6/package.tgz
129 verbose folder /home/axyz/tmp/npm-29539/1361370365227-0.5929554756730795/package
130 silly lockFile 726eeeb1-65227-0-5929554756730795-package /home/axyz/tmp/npm-29539/1361370365227-0.5929554756730795/package
131 verbose lock /home/axyz/tmp/npm-29539/1361370365227-0.5929554756730795/package /home/axyz/.npm/726eeeb1-65227-0-5929554756730795-package.lock
132 silly lockFile f416b750--npm-grunt-cli-0-1-6-package-tgz /home/axyz/.npm/grunt-cli/0.1.6/package.tgz
133 verbose lock /home/axyz/.npm/grunt-cli/0.1.6/package.tgz /home/axyz/.npm/f416b750--npm-grunt-cli-0-1-6-package-tgz.lock
134 silly shasum updated bytes 3180
135 info shasum 675dfda266b2693dcd05dc1fed95b223b67e0ba3
135 info shasum /home/axyz/tmp/npm-29539/1361370365273-0.4449449609965086/tmp.tgz
136 verbose tar unpack /home/axyz/tmp/npm-29539/1361370365273-0.4449449609965086/tmp.tgz
137 silly lockFile f8eb13a8-65273-0-4449449609965086-package /home/axyz/tmp/npm-29539/1361370365273-0.4449449609965086/package
138 verbose lock /home/axyz/tmp/npm-29539/1361370365273-0.4449449609965086/package /home/axyz/.npm/f8eb13a8-65273-0-4449449609965086-package.lock
139 silly lockFile c08cab29-65273-0-4449449609965086-tmp-tgz /home/axyz/tmp/npm-29539/1361370365273-0.4449449609965086/tmp.tgz
140 verbose lock /home/axyz/tmp/npm-29539/1361370365273-0.4449449609965086/tmp.tgz /home/axyz/.npm/c08cab29-65273-0-4449449609965086-tmp-tgz.lock
141 silly gunzTarPerm modes [ '755', '644' ]
142 silly gunzTarPerm extractEntry package.json
143 silly gunzTarPerm extractEntry .travis.yml
144 silly gunzTarPerm extractEntry bin/help.txt
145 silly gunzTarPerm extractEntry bin/yo
146 silly gunzTarPerm extractEntry contributing.md
147 silly gunzTarPerm extractEntry readme.md
148 silly lockFile 726eeeb1-65227-0-5929554756730795-package /home/axyz/tmp/npm-29539/1361370365227-0.5929554756730795/package
149 silly lockFile 726eeeb1-65227-0-5929554756730795-package /home/axyz/tmp/npm-29539/1361370365227-0.5929554756730795/package
150 silly lockFile f416b750--npm-grunt-cli-0-1-6-package-tgz /home/axyz/.npm/grunt-cli/0.1.6/package.tgz
151 silly lockFile f416b750--npm-grunt-cli-0-1-6-package-tgz /home/axyz/.npm/grunt-cli/0.1.6/package.tgz
152 silly lockFile 424ab469-axyz-npm-grunt-cli-0-1-6-package /home/axyz/.npm/grunt-cli/0.1.6/package
153 verbose lock /home/axyz/.npm/grunt-cli/0.1.6/package /home/axyz/.npm/424ab469-axyz-npm-grunt-cli-0-1-6-package.lock
154 silly lockFile 424ab469-axyz-npm-grunt-cli-0-1-6-package /home/axyz/.npm/grunt-cli/0.1.6/package
155 silly lockFile 424ab469-axyz-npm-grunt-cli-0-1-6-package /home/axyz/.npm/grunt-cli/0.1.6/package
156 verbose tar unpack /home/axyz/.npm/grunt-cli/0.1.6/package.tgz
157 silly lockFile 424ab469-axyz-npm-grunt-cli-0-1-6-package /home/axyz/.npm/grunt-cli/0.1.6/package
158 verbose lock /home/axyz/.npm/grunt-cli/0.1.6/package /home/axyz/.npm/424ab469-axyz-npm-grunt-cli-0-1-6-package.lock
159 silly lockFile f416b750--npm-grunt-cli-0-1-6-package-tgz /home/axyz/.npm/grunt-cli/0.1.6/package.tgz
160 verbose lock /home/axyz/.npm/grunt-cli/0.1.6/package.tgz /home/axyz/.npm/f416b750--npm-grunt-cli-0-1-6-package-tgz.lock
161 silly gunzTarPerm modes [ '755', '644' ]
162 silly gunzTarPerm extractEntry package.json
163 silly gunzTarPerm extractEntry .npmignore
164 silly gunzTarPerm extractEntry README.md
165 verbose read json /home/axyz/tmp/npm-29539/1361370365273-0.4449449609965086/package/package.json
166 silly gunzTarPerm extractEntry Gruntfile.js
167 silly gunzTarPerm extractEntry .travis.yml
168 silly lockFile f8eb13a8-65273-0-4449449609965086-package /home/axyz/tmp/npm-29539/1361370365273-0.4449449609965086/package
169 silly lockFile f8eb13a8-65273-0-4449449609965086-package /home/axyz/tmp/npm-29539/1361370365273-0.4449449609965086/package
170 silly gunzTarPerm extractEntry AUTHORS
171 silly gunzTarPerm extractEntry bin/grunt
172 silly lockFile c08cab29-65273-0-4449449609965086-tmp-tgz /home/axyz/tmp/npm-29539/1361370365273-0.4449449609965086/tmp.tgz
173 silly lockFile c08cab29-65273-0-4449449609965086-tmp-tgz /home/axyz/tmp/npm-29539/1361370365273-0.4449449609965086/tmp.tgz
174 verbose from cache /home/axyz/tmp/npm-29539/1361370365273-0.4449449609965086/package/package.json
175 verbose tar pack [ '/home/axyz/.npm/yo/1.0.0-beta.2/package.tgz',
175 verbose tar pack   '/home/axyz/tmp/npm-29539/1361370365273-0.4449449609965086/package' ]
176 verbose tarball /home/axyz/.npm/yo/1.0.0-beta.2/package.tgz
177 verbose folder /home/axyz/tmp/npm-29539/1361370365273-0.4449449609965086/package
178 silly lockFile f8eb13a8-65273-0-4449449609965086-package /home/axyz/tmp/npm-29539/1361370365273-0.4449449609965086/package
179 verbose lock /home/axyz/tmp/npm-29539/1361370365273-0.4449449609965086/package /home/axyz/.npm/f8eb13a8-65273-0-4449449609965086-package.lock
180 silly lockFile bf57c861--npm-yo-1-0-0-beta-2-package-tgz /home/axyz/.npm/yo/1.0.0-beta.2/package.tgz
181 verbose lock /home/axyz/.npm/yo/1.0.0-beta.2/package.tgz /home/axyz/.npm/bf57c861--npm-yo-1-0-0-beta-2-package-tgz.lock
182 silly gunzTarPerm extractEntry completion/bash
183 silly gunzTarPerm extractEntry lib/cli.js
184 silly gunzTarPerm extractEntry lib/completion.js
185 silly gunzTarPerm extractEntry lib/info.js
186 silly gunzTarPerm extractEntry LICENSE-MIT
187 verbose read json /home/axyz/.npm/grunt-cli/0.1.6/package/package.json
188 silly lockFile 424ab469-axyz-npm-grunt-cli-0-1-6-package /home/axyz/.npm/grunt-cli/0.1.6/package
189 silly lockFile 424ab469-axyz-npm-grunt-cli-0-1-6-package /home/axyz/.npm/grunt-cli/0.1.6/package
190 silly lockFile f8eb13a8-65273-0-4449449609965086-package /home/axyz/tmp/npm-29539/1361370365273-0.4449449609965086/package
191 silly lockFile f8eb13a8-65273-0-4449449609965086-package /home/axyz/tmp/npm-29539/1361370365273-0.4449449609965086/package
192 silly lockFile f416b750--npm-grunt-cli-0-1-6-package-tgz /home/axyz/.npm/grunt-cli/0.1.6/package.tgz
193 silly lockFile f416b750--npm-grunt-cli-0-1-6-package-tgz /home/axyz/.npm/grunt-cli/0.1.6/package.tgz
194 silly lockFile bf57c861--npm-yo-1-0-0-beta-2-package-tgz /home/axyz/.npm/yo/1.0.0-beta.2/package.tgz
195 silly lockFile bf57c861--npm-yo-1-0-0-beta-2-package-tgz /home/axyz/.npm/yo/1.0.0-beta.2/package.tgz
196 silly shasum updated bytes 4250
197 info shasum 2578e488c4ac78f5c92b1def86a1232900d93f61
197 info shasum /home/axyz/.npm/grunt-cli/0.1.6/package.tgz
198 verbose from cache /home/axyz/.npm/grunt-cli/0.1.6/package/package.json
199 verbose chmod /home/axyz/.npm/grunt-cli/0.1.6/package.tgz 644
200 verbose chown /home/axyz/.npm/grunt-cli/0.1.6/package.tgz [ 1000, 100 ]
201 silly lockFile c8f06e91-rg-grunt-cli-grunt-cli-0-1-6-tgz https://registry.npmjs.org/grunt-cli/-/grunt-cli-0.1.6.tgz
202 silly lockFile c8f06e91-rg-grunt-cli-grunt-cli-0-1-6-tgz https://registry.npmjs.org/grunt-cli/-/grunt-cli-0.1.6.tgz
203 silly lockFile 60ad93d1-axyz-npm-yo-1-0-0-beta-2-package /home/axyz/.npm/yo/1.0.0-beta.2/package
204 verbose lock /home/axyz/.npm/yo/1.0.0-beta.2/package /home/axyz/.npm/60ad93d1-axyz-npm-yo-1-0-0-beta-2-package.lock
205 silly lockFile dc8a40ae-grunt-cli-0-1-6 grunt-cli@0.1.6
206 silly lockFile dc8a40ae-grunt-cli-0-1-6 grunt-cli@0.1.6
207 silly lockFile 60ad93d1-axyz-npm-yo-1-0-0-beta-2-package /home/axyz/.npm/yo/1.0.0-beta.2/package
208 silly lockFile 60ad93d1-axyz-npm-yo-1-0-0-beta-2-package /home/axyz/.npm/yo/1.0.0-beta.2/package
209 silly lockFile d63f3d0b-grunt-cli grunt-cli@
210 silly lockFile d63f3d0b-grunt-cli grunt-cli@
211 verbose tar unpack /home/axyz/.npm/yo/1.0.0-beta.2/package.tgz
212 silly lockFile 60ad93d1-axyz-npm-yo-1-0-0-beta-2-package /home/axyz/.npm/yo/1.0.0-beta.2/package
213 verbose lock /home/axyz/.npm/yo/1.0.0-beta.2/package /home/axyz/.npm/60ad93d1-axyz-npm-yo-1-0-0-beta-2-package.lock
214 silly lockFile bf57c861--npm-yo-1-0-0-beta-2-package-tgz /home/axyz/.npm/yo/1.0.0-beta.2/package.tgz
215 verbose lock /home/axyz/.npm/yo/1.0.0-beta.2/package.tgz /home/axyz/.npm/bf57c861--npm-yo-1-0-0-beta-2-package-tgz.lock
216 silly gunzTarPerm modes [ '755', '644' ]
217 silly gunzTarPerm extractEntry package.json
218 silly gunzTarPerm extractEntry .travis.yml
219 silly gunzTarPerm extractEntry bin/help.txt
220 silly gunzTarPerm extractEntry bin/yo
221 silly gunzTarPerm extractEntry contributing.md
222 silly gunzTarPerm extractEntry readme.md
223 verbose read json /home/axyz/.npm/yo/1.0.0-beta.2/package/package.json
224 silly lockFile 60ad93d1-axyz-npm-yo-1-0-0-beta-2-package /home/axyz/.npm/yo/1.0.0-beta.2/package
225 silly lockFile 60ad93d1-axyz-npm-yo-1-0-0-beta-2-package /home/axyz/.npm/yo/1.0.0-beta.2/package
226 silly lockFile bf57c861--npm-yo-1-0-0-beta-2-package-tgz /home/axyz/.npm/yo/1.0.0-beta.2/package.tgz
227 silly lockFile bf57c861--npm-yo-1-0-0-beta-2-package-tgz /home/axyz/.npm/yo/1.0.0-beta.2/package.tgz
228 silly shasum updated bytes 3182
229 info shasum 94143f590c2853dc73a3d4a309ccf5c4595e7fa6
229 info shasum /home/axyz/.npm/yo/1.0.0-beta.2/package.tgz
230 verbose from cache /home/axyz/.npm/yo/1.0.0-beta.2/package/package.json
231 verbose chmod /home/axyz/.npm/yo/1.0.0-beta.2/package.tgz 644
232 verbose chown /home/axyz/.npm/yo/1.0.0-beta.2/package.tgz [ 1000, 100 ]
233 silly lockFile f2a0c2b8-npmjs-org-yo-yo-1-0-0-beta-2-tgz https://registry.npmjs.org/yo/-/yo-1.0.0-beta.2.tgz
234 silly lockFile f2a0c2b8-npmjs-org-yo-yo-1-0-0-beta-2-tgz https://registry.npmjs.org/yo/-/yo-1.0.0-beta.2.tgz
235 silly lockFile b418f18d-yo-1-0-0-beta-2 yo@1.0.0-beta.2
236 silly lockFile b418f18d-yo-1-0-0-beta-2 yo@1.0.0-beta.2
237 silly lockFile d937c28e-yo yo@
238 silly lockFile d937c28e-yo yo@
239 http 200 https://registry.npmjs.org/bower/-/bower-0.7.1.tgz
240 silly shasum updated bytes 40960
241 silly shasum updated bytes 40960
242 silly shasum updated bytes 40960
243 silly shasum updated bytes 40960
244 silly shasum updated bytes 197
245 info shasum 39ab3552fdd906bc6b8fbbf4218a9dd06b4c20b6
245 info shasum /home/axyz/tmp/npm-29539/1361370366156-0.9309386417735368/tmp.tgz
246 verbose tar unpack /home/axyz/tmp/npm-29539/1361370366156-0.9309386417735368/tmp.tgz
247 silly lockFile fb268919-66156-0-9309386417735368-package /home/axyz/tmp/npm-29539/1361370366156-0.9309386417735368/package
248 verbose lock /home/axyz/tmp/npm-29539/1361370366156-0.9309386417735368/package /home/axyz/.npm/fb268919-66156-0-9309386417735368-package.lock
249 silly lockFile a094bb90-66156-0-9309386417735368-tmp-tgz /home/axyz/tmp/npm-29539/1361370366156-0.9309386417735368/tmp.tgz
250 verbose lock /home/axyz/tmp/npm-29539/1361370366156-0.9309386417735368/tmp.tgz /home/axyz/.npm/a094bb90-66156-0-9309386417735368-tmp-tgz.lock
251 silly gunzTarPerm modes [ '755', '644' ]
252 silly gunzTarPerm extractEntry package.json
253 silly gunzTarPerm extractEntry .npmignore
254 silly gunzTarPerm extractEntry README.md
255 silly gunzTarPerm extractEntry LICENSE
256 silly gunzTarPerm extractEntry cleanup.js
257 silly gunzTarPerm extractEntry lib/index.js
258 silly gunzTarPerm extractEntry lib/commands/cache-clean.js
259 silly gunzTarPerm extractEntry lib/commands/index.js
260 silly gunzTarPerm extractEntry lib/commands/info.js
261 silly gunzTarPerm extractEntry lib/commands/install.js
262 silly gunzTarPerm extractEntry lib/commands/help.js
263 silly gunzTarPerm extractEntry lib/commands/list.js
264 silly gunzTarPerm extractEntry lib/commands/lookup.js
265 silly gunzTarPerm extractEntry lib/commands/register.js
266 silly gunzTarPerm extractEntry lib/commands/search.js
267 silly gunzTarPerm extractEntry lib/commands/uninstall.js
268 silly gunzTarPerm extractEntry lib/commands/completion.js
269 silly gunzTarPerm extractEntry lib/commands/update.js
270 silly gunzTarPerm extractEntry lib/commands/link.js
271 silly gunzTarPerm extractEntry lib/core/config.js
272 silly gunzTarPerm extractEntry lib/core/manager.js
273 silly gunzTarPerm extractEntry lib/core/package.js
274 silly gunzTarPerm extractEntry lib/core/source.js
275 silly gunzTarPerm extractEntry lib/core/unit_work.js
276 silly gunzTarPerm extractEntry lib/util/completion.js
277 silly gunzTarPerm extractEntry lib/util/file-exists.js
278 silly gunzTarPerm extractEntry lib/util/hogan-colors.js
279 silly gunzTarPerm extractEntry lib/util/is-repo.js
280 silly gunzTarPerm extractEntry lib/util/prune.js
281 silly gunzTarPerm extractEntry lib/util/read-json.js
282 silly gunzTarPerm extractEntry lib/util/save.js
283 silly gunzTarPerm extractEntry lib/util/spawn.js
284 silly gunzTarPerm extractEntry lib/util/template.js
285 silly gunzTarPerm extractEntry .travis.yml
286 silly gunzTarPerm extractEntry bin/bower
287 silly gunzTarPerm extractEntry Makefile
288 silly gunzTarPerm extractEntry CHANGELOG.md
289 silly gunzTarPerm extractEntry .jshintrc
290 silly gunzTarPerm extractEntry templates/help-uninstall.mustache
291 silly gunzTarPerm extractEntry templates/action.mustache
292 silly gunzTarPerm extractEntry templates/completion.mustache
293 silly gunzTarPerm extractEntry templates/conflict.mustache
294 silly gunzTarPerm extractEntry templates/error-summary.mustache
295 silly gunzTarPerm extractEntry templates/error.mustache
296 silly gunzTarPerm extractEntry templates/help-cache-clean.mustache
297 silly gunzTarPerm extractEntry templates/help-completion.mustache
298 silly gunzTarPerm extractEntry templates/help-info.mustache
299 silly gunzTarPerm extractEntry templates/help-install.mustache
300 silly gunzTarPerm extractEntry templates/help-link.mustache
301 silly gunzTarPerm extractEntry templates/help-list.mustache
302 silly gunzTarPerm extractEntry templates/help-lookup.mustache
303 silly gunzTarPerm extractEntry templates/help-register.mustache
304 silly gunzTarPerm extractEntry templates/help-search.mustache
305 silly gunzTarPerm extractEntry templates/complete.mustache
306 silly gunzTarPerm extractEntry templates/help-update.mustache
307 silly gunzTarPerm extractEntry templates/help.mustache
308 silly gunzTarPerm extractEntry templates/info.mustache
309 silly gunzTarPerm extractEntry templates/link.mustache
310 silly gunzTarPerm extractEntry templates/lookup.mustache
311 silly gunzTarPerm extractEntry templates/register.mustache
312 silly gunzTarPerm extractEntry templates/resolved-conflict.mustache
313 silly gunzTarPerm extractEntry templates/search-empty.mustache
314 silly gunzTarPerm extractEntry templates/search.mustache
315 silly gunzTarPerm extractEntry templates/suggestions.mustache
316 silly gunzTarPerm extractEntry templates/tree-branch.mustache
317 silly gunzTarPerm extractEntry templates/warn.mustache
318 silly gunzTarPerm extractEntry templates/warning-mismatch.mustache
319 silly gunzTarPerm extractEntry templates/warning-missing.mustache
320 silly gunzTarPerm extractEntry templates/warning-uninstall.mustache
321 silly gunzTarPerm extractEntry test/cache-clean.js
322 silly gunzTarPerm extractEntry test/completion.js
323 silly gunzTarPerm extractEntry test/help.js
324 silly gunzTarPerm extractEntry test/info.js
325 silly gunzTarPerm extractEntry test/manager.js
326 silly gunzTarPerm extractEntry test/package.js
327 silly gunzTarPerm extractEntry test/assets/package-nonstandard-json/.bowerrc
328 silly gunzTarPerm extractEntry test/assets/package-nonstandard-json/foocomponent.json
329 silly gunzTarPerm extractEntry test/assets/package-bootstrap/index.js
330 silly gunzTarPerm extractEntry test/assets/package-bootstrap/component.json
331 silly gunzTarPerm extractEntry test/assets/package-deps-on-jquery-old/component.json
332 silly gunzTarPerm extractEntry test/assets/package-empty-rc/.bowerrc
333 silly gunzTarPerm extractEntry test/assets/package-empty-rc/component.json
334 silly gunzTarPerm extractEntry test/assets/package-empty-rc/foocomponent.json
335 silly gunzTarPerm extractEntry test/assets/package-ignorables/index.js
336 silly gunzTarPerm extractEntry test/assets/package-ignorables/.casey
337 silly gunzTarPerm extractEntry test/assets/package-ignorables/.hide/turtle-location.mdown
338 silly gunzTarPerm extractEntry test/assets/package-ignorables/component.json
339 silly gunzTarPerm extractEntry test/assets/package-ignorables/config/.jshintrc
340 silly gunzTarPerm extractEntry test/assets/package-ignorables/don.txt
341 silly gunzTarPerm extractEntry test/assets/package-ignorables/leo.txt
342 silly gunzTarPerm extractEntry test/assets/package-ignorables/lib/april.txt
343 silly gunzTarPerm extractEntry test/assets/package-ignorables/names.txt
344 silly gunzTarPerm extractEntry test/assets/package-ignorables/test/shredder.js
345 silly gunzTarPerm extractEntry test/assets/package-ignorables/test/splinter.js
346 silly gunzTarPerm extractEntry test/assets/package-invalid-json/index.js
347 silly gunzTarPerm extractEntry test/assets/package-invalid-json/component.json
348 silly gunzTarPerm extractEntry test/assets/package-jquery/foo.js
349 silly gunzTarPerm extractEntry test/assets/package-jquery/index.js
350 silly gunzTarPerm extractEntry test/assets/package-jquery/component.json
351 silly gunzTarPerm extractEntry test/assets/package-jquery-copy/index.js
352 silly gunzTarPerm extractEntry test/assets/package-jquery-copy/component.json
353 silly gunzTarPerm extractEntry test/assets/package-no-json/index.js
354 silly gunzTarPerm extractEntry test/assets/package-deps-on-jquery/component.json
355 silly gunzTarPerm extractEntry test/assets/package-nonstandard-json-copy/foocomponent.json
356 silly gunzTarPerm extractEntry test/assets/package-repo/README.md
357 silly gunzTarPerm extractEntry test/assets/package-repo/LICENSE
358 silly gunzTarPerm extractEntry test/assets/package-repo/spark-md5.js
359 silly gunzTarPerm extractEntry test/assets/package-repo/spark-md5.min.js
360 silly gunzTarPerm extractEntry test/assets/package-repo/.jshintrc
361 silly gunzTarPerm extractEntry test/assets/package-repo/git_repo/logs/HEAD
362 silly gunzTarPerm extractEntry test/assets/package-repo/git_repo/logs/refs/heads/master
363 silly gunzTarPerm extractEntry test/assets/package-repo/git_repo/logs/refs/remotes/origin/HEAD
364 silly gunzTarPerm extractEntry test/assets/package-repo/git_repo/logs/refs/remotes/origin/master
365 silly gunzTarPerm extractEntry test/assets/package-repo/git_repo/config
366 silly gunzTarPerm extractEntry test/assets/package-repo/git_repo/FETCH_HEAD
367 silly gunzTarPerm extractEntry test/assets/package-repo/git_repo/HEAD
368 silly gunzTarPerm extractEntry test/assets/package-repo/git_repo/hooks/applypatch-msg.sample
369 silly gunzTarPerm extractEntry test/assets/package-repo/git_repo/hooks/commit-msg.sample
370 silly gunzTarPerm extractEntry test/assets/package-repo/git_repo/hooks/post-commit.sample
371 silly gunzTarPerm extractEntry test/assets/package-repo/git_repo/hooks/post-receive.sample
372 silly gunzTarPerm extractEntry test/assets/package-repo/git_repo/hooks/post-update.sample
373 silly gunzTarPerm extractEntry test/assets/package-repo/git_repo/hooks/pre-applypatch.sample
374 silly gunzTarPerm extractEntry test/assets/package-repo/git_repo/hooks/pre-commit.sample
375 silly gunzTarPerm extractEntry test/assets/package-repo/git_repo/hooks/pre-rebase.sample
376 silly gunzTarPerm extractEntry test/assets/package-repo/git_repo/hooks/prepare-commit-msg.sample
377 silly gunzTarPerm extractEntry test/assets/package-repo/git_repo/hooks/update.sample
378 silly gunzTarPerm extractEntry test/assets/package-repo/git_repo/index
379 silly gunzTarPerm extractEntry test/assets/package-repo/git_repo/info/exclude
380 silly gunzTarPerm extractEntry test/assets/package-repo/git_repo/description
381 silly gunzTarPerm extractEntry test/assets/package-repo/git_repo/objects/8e/353e91e31d9d1e155e12bc29ca14af0afcbe06
382 silly gunzTarPerm extractEntry test/assets/package-repo/git_repo/objects/01/df57df1726b7a1a07e981c1ce316436a381e35
383 silly gunzTarPerm extractEntry test/assets/package-repo/git_repo/objects/14/42d7b7f77a570522883398e544ee78fdb1a30a
384 silly gunzTarPerm extractEntry test/assets/package-repo/git_repo/objects/1d/91729839ff499a8ace40628f65fafe9acfd043
385 silly gunzTarPerm extractEntry test/assets/package-repo/git_repo/objects/1d/cd807701aafabafb6cff8313b8becea7908a61
386 silly gunzTarPerm extractEntry test/assets/package-repo/git_repo/objects/20/42506f6dd1e6baed04bba341891dc3b7781a70
387 silly gunzTarPerm extractEntry test/assets/package-repo/git_repo/objects/32/3c26e45c06f688d1b00ee04a53ddafaf066d5e
388 silly gunzTarPerm extractEntry test/assets/package-repo/git_repo/objects/3f/84fca5dba20dfbff011c1ec87952892e7829b3
389 silly gunzTarPerm extractEntry test/assets/package-repo/git_repo/objects/48/7a6ae84da8e4a1ee95cf59c7df8ea436fabf4c
390 silly gunzTarPerm extractEntry test/assets/package-repo/git_repo/objects/4e/576c52cb630491ebcf62a77f5e81077c3be57e
391 silly gunzTarPerm extractEntry test/assets/package-repo/git_repo/objects/52/8f8e1553e2b03aee7ab6eb9216b3ed89061784
392 silly gunzTarPerm extractEntry test/assets/package-repo/git_repo/objects/68/9c63b3432aaece15106f8b2162619f982ec370
393 silly gunzTarPerm extractEntry test/assets/package-repo/git_repo/objects/69/bc69fdce113f9c1566aec1392bcc79d10d454b
394 silly gunzTarPerm extractEntry test/assets/package-repo/git_repo/objects/6c/1354ad5764e71a3bf30650013f0f0e9a897450
395 silly gunzTarPerm extractEntry test/assets/package-repo/git_repo/objects/75/7a3f84cfbf1fc94ce0c67d2f016690eb495bb5
396 silly gunzTarPerm extractEntry test/assets/package-repo/git_repo/objects/7a/0419da6bb16bbccf5e07f9bcd1754108ed9d1a
397 silly gunzTarPerm extractEntry test/assets/package-repo/git_repo/objects/80/95211f85d5038d6f2ee248a134cf7e7d28e123
398 silly gunzTarPerm extractEntry test/assets/package-repo/git_repo/objects/83/0e1eb1a47c76ecfd3c1df4ab1485dc8188cf3c
399 silly gunzTarPerm extractEntry test/assets/package-repo/git_repo/objects/88/259581b83fd9081b94deebf2a7632590f09f83
400 silly gunzTarPerm extractEntry test/assets/package-repo/git_repo/objects/8c/ffccc175240ac0346bd2171a0d25d7c6a88c5f
401 silly gunzTarPerm extractEntry test/assets/package-repo/git_repo/objects/0d/af124cc7163788c501f382461e45bd1de8e7ab
402 silly gunzTarPerm extractEntry test/assets/package-repo/git_repo/objects/90/ed234fb0708235a733bcae0e5b90bd4fac5321
403 silly gunzTarPerm extractEntry test/assets/package-repo/git_repo/objects/92/afeeb69adc7fd744bb4d6556dc3d7204cb71fa
404 silly gunzTarPerm extractEntry test/assets/package-repo/git_repo/objects/97/17b8c32f1c6acfbe3db68df8856a6630e4772d
405 silly gunzTarPerm extractEntry test/assets/package-repo/git_repo/objects/9c/7fa0117320c0c8b3f7d760143bad93c6e34b9d
406 silly gunzTarPerm extractEntry test/assets/package-repo/git_repo/objects/9e/1ea691c15d1fcbd4df08a43381e52c6b4b8f83
407 silly gunzTarPerm extractEntry test/assets/package-repo/git_repo/objects/a2/1a15efe0034e57f1455f55ca1cd7805e25adfd
408 silly gunzTarPerm extractEntry test/assets/package-repo/git_repo/objects/aa/77627e06564ada85565b7fee02d9c28047f35a
409 silly gunzTarPerm extractEntry test/assets/package-repo/git_repo/objects/bb/01907369ff7accc18d6ec5b17d231f4217ac2d
410 silly gunzTarPerm extractEntry test/assets/package-repo/git_repo/objects/be/9b0e2ca43b223ab14df61b868e95cb412c6faa
411 silly gunzTarPerm extractEntry test/assets/package-repo/git_repo/objects/bf/7794b69000bbaa6598c3f67cc70c6a51d6ca3d
412 silly gunzTarPerm extractEntry test/assets/package-repo/git_repo/objects/ca/dd0beb4df19711eb9ce432608504cc21beebf3
413 silly gunzTarPerm extractEntry test/assets/package-repo/git_repo/objects/d3/e127498b258d1827d03aa8980fc8db868352ad
414 silly gunzTarPerm extractEntry test/assets/package-repo/git_repo/objects/d7/bb417d109af63c5bcbd7f7484ddfa66f38af13
415 silly gunzTarPerm extractEntry test/assets/package-repo/git_repo/objects/ec/b67101368c505a6c23f1a1966d13c6aa66483f
416 silly gunzTarPerm extractEntry test/assets/package-repo/git_repo/objects/ee/947ec6a8a56f6c57d3fb48d10f8c104c66f4ce
417 silly gunzTarPerm extractEntry test/assets/package-repo/git_repo/objects/f2/4e11fa324ac703273a03f54c3d60d840e69e24
418 silly gunzTarPerm extractEntry test/assets/package-repo/git_repo/objects/f9/260e4e30eb5e9f7d08751c6348e90b505f8af0
419 silly gunzTarPerm extractEntry test/assets/package-repo/git_repo/objects/f9/3f2fb92626ffd5bb9a17b5e2b2642f2c70c014
420 silly gunzTarPerm extractEntry test/assets/package-repo/git_repo/objects/fb/18250b19f479c46a49a393a8f8f932ed083b55
421 silly gunzTarPerm extractEntry test/assets/package-repo/git_repo/objects/pack/pack-af6aba8bdcf0fc9c7b4a690e6e2976ed7bbb8521.idx
422 silly gunzTarPerm extractEntry test/assets/package-repo/git_repo/objects/pack/pack-af6aba8bdcf0fc9c7b4a690e6e2976ed7bbb8521.pack
423 silly gunzTarPerm extractEntry test/assets/package-repo/git_repo/ORIG_HEAD
424 silly gunzTarPerm extractEntry test/assets/package-repo/git_repo/packed-refs
425 silly gunzTarPerm extractEntry test/assets/package-repo/git_repo/refs/heads/master
426 silly gunzTarPerm extractEntry test/assets/package-repo/git_repo/refs/remotes/origin/HEAD
427 silly gunzTarPerm extractEntry test/assets/package-repo/git_repo/refs/remotes/origin/master
428 silly gunzTarPerm extractEntry test/assets/package-repo/git_repo/refs/tags/0.0.1
429 silly gunzTarPerm extractEntry test/assets/package-repo/git_repo/refs/tags/0.0.2
430 silly gunzTarPerm extractEntry test/assets/package-repo/git_repo/tortoisegit.data
431 silly gunzTarPerm extractEntry test/assets/package-repo/git_repo/tortoisegit.index
432 silly gunzTarPerm extractEntry test/assets/package-repo/test/file_reader.html
433 silly gunzTarPerm extractEntry test/assets/package-repo/test/index.html
434 silly gunzTarPerm extractEntry test/assets/project/.npmignore
435 silly gunzTarPerm extractEntry test/assets/project/component.json
436 silly gunzTarPerm extractEntry test/assets/project-nested/component.json
437 silly gunzTarPerm extractEntry test/assets/project-nested-conflict/component.json
438 silly gunzTarPerm extractEntry test/assets/project-nonstandard-json/foocomponent.json
439 silly gunzTarPerm extractEntry test/assets/project-static/component.json
440 silly gunzTarPerm extractEntry test/assets/sprockets/.npmignore
441 silly gunzTarPerm extractEntry test/assets/sprockets/assets/application.js
442 silly gunzTarPerm extractEntry test/assets/sprockets/component.json
443 silly gunzTarPerm extractEntry test/assets/sprockets/Rakefile
444 verbose read json /home/axyz/tmp/npm-29539/1361370366156-0.9309386417735368/package/package.json
445 silly lockFile fb268919-66156-0-9309386417735368-package /home/axyz/tmp/npm-29539/1361370366156-0.9309386417735368/package
446 silly lockFile fb268919-66156-0-9309386417735368-package /home/axyz/tmp/npm-29539/1361370366156-0.9309386417735368/package
447 silly lockFile a094bb90-66156-0-9309386417735368-tmp-tgz /home/axyz/tmp/npm-29539/1361370366156-0.9309386417735368/tmp.tgz
448 silly lockFile a094bb90-66156-0-9309386417735368-tmp-tgz /home/axyz/tmp/npm-29539/1361370366156-0.9309386417735368/tmp.tgz
449 verbose from cache /home/axyz/tmp/npm-29539/1361370366156-0.9309386417735368/package/package.json
450 verbose tar pack [ '/home/axyz/.npm/bower/0.7.1/package.tgz',
450 verbose tar pack   '/home/axyz/tmp/npm-29539/1361370366156-0.9309386417735368/package' ]
451 verbose tarball /home/axyz/.npm/bower/0.7.1/package.tgz
452 verbose folder /home/axyz/tmp/npm-29539/1361370366156-0.9309386417735368/package
453 silly lockFile fb268919-66156-0-9309386417735368-package /home/axyz/tmp/npm-29539/1361370366156-0.9309386417735368/package
454 verbose lock /home/axyz/tmp/npm-29539/1361370366156-0.9309386417735368/package /home/axyz/.npm/fb268919-66156-0-9309386417735368-package.lock
455 silly lockFile e545e619-axyz-npm-bower-0-7-1-package-tgz /home/axyz/.npm/bower/0.7.1/package.tgz
456 verbose lock /home/axyz/.npm/bower/0.7.1/package.tgz /home/axyz/.npm/e545e619-axyz-npm-bower-0-7-1-package-tgz.lock
457 silly lockFile fb268919-66156-0-9309386417735368-package /home/axyz/tmp/npm-29539/1361370366156-0.9309386417735368/package
458 silly lockFile fb268919-66156-0-9309386417735368-package /home/axyz/tmp/npm-29539/1361370366156-0.9309386417735368/package
459 silly lockFile e545e619-axyz-npm-bower-0-7-1-package-tgz /home/axyz/.npm/bower/0.7.1/package.tgz
460 silly lockFile e545e619-axyz-npm-bower-0-7-1-package-tgz /home/axyz/.npm/bower/0.7.1/package.tgz
461 silly lockFile baf170b0-ome-axyz-npm-bower-0-7-1-package /home/axyz/.npm/bower/0.7.1/package
462 verbose lock /home/axyz/.npm/bower/0.7.1/package /home/axyz/.npm/baf170b0-ome-axyz-npm-bower-0-7-1-package.lock
463 silly lockFile baf170b0-ome-axyz-npm-bower-0-7-1-package /home/axyz/.npm/bower/0.7.1/package
464 silly lockFile baf170b0-ome-axyz-npm-bower-0-7-1-package /home/axyz/.npm/bower/0.7.1/package
465 verbose tar unpack /home/axyz/.npm/bower/0.7.1/package.tgz
466 silly lockFile baf170b0-ome-axyz-npm-bower-0-7-1-package /home/axyz/.npm/bower/0.7.1/package
467 verbose lock /home/axyz/.npm/bower/0.7.1/package /home/axyz/.npm/baf170b0-ome-axyz-npm-bower-0-7-1-package.lock
468 silly lockFile e545e619-axyz-npm-bower-0-7-1-package-tgz /home/axyz/.npm/bower/0.7.1/package.tgz
469 verbose lock /home/axyz/.npm/bower/0.7.1/package.tgz /home/axyz/.npm/e545e619-axyz-npm-bower-0-7-1-package-tgz.lock
470 silly gunzTarPerm modes [ '755', '644' ]
471 silly gunzTarPerm extractEntry package.json
472 silly gunzTarPerm extractEntry .npmignore
473 silly gunzTarPerm extractEntry README.md
474 silly gunzTarPerm extractEntry LICENSE
475 silly gunzTarPerm extractEntry cleanup.js
476 silly gunzTarPerm extractEntry lib/index.js
477 silly gunzTarPerm extractEntry lib/commands/cache-clean.js
478 silly gunzTarPerm extractEntry lib/commands/install.js
479 silly gunzTarPerm extractEntry lib/commands/help.js
480 silly gunzTarPerm extractEntry lib/commands/list.js
481 silly gunzTarPerm extractEntry lib/commands/info.js
482 silly gunzTarPerm extractEntry lib/commands/register.js
483 silly gunzTarPerm extractEntry lib/commands/search.js
484 silly gunzTarPerm extractEntry lib/commands/uninstall.js
485 silly gunzTarPerm extractEntry lib/commands/completion.js
486 silly gunzTarPerm extractEntry lib/commands/update.js
487 silly gunzTarPerm extractEntry lib/commands/index.js
488 silly gunzTarPerm extractEntry lib/commands/link.js
489 silly gunzTarPerm extractEntry lib/commands/lookup.js
490 silly gunzTarPerm extractEntry lib/core/config.js
491 silly gunzTarPerm extractEntry lib/core/manager.js
492 silly gunzTarPerm extractEntry lib/core/package.js
493 silly gunzTarPerm extractEntry lib/core/source.js
494 silly gunzTarPerm extractEntry lib/core/unit_work.js
495 silly gunzTarPerm extractEntry lib/util/completion.js
496 silly gunzTarPerm extractEntry lib/util/file-exists.js
497 silly gunzTarPerm extractEntry lib/util/hogan-colors.js
498 silly gunzTarPerm extractEntry lib/util/is-repo.js
499 silly gunzTarPerm extractEntry lib/util/prune.js
500 silly gunzTarPerm extractEntry lib/util/read-json.js
501 silly gunzTarPerm extractEntry lib/util/save.js
502 silly gunzTarPerm extractEntry lib/util/spawn.js
503 silly gunzTarPerm extractEntry lib/util/template.js
504 silly gunzTarPerm extractEntry test/cache-clean.js
505 silly gunzTarPerm extractEntry test/completion.js
506 silly gunzTarPerm extractEntry test/help.js
507 silly gunzTarPerm extractEntry test/info.js
508 silly gunzTarPerm extractEntry test/manager.js
509 silly gunzTarPerm extractEntry test/package.js
510 silly gunzTarPerm extractEntry test/assets/package-deps-on-jquery/component.json
511 silly gunzTarPerm extractEntry test/assets/package-nonstandard-json/.bowerrc
512 silly gunzTarPerm extractEntry test/assets/package-nonstandard-json/foocomponent.json
513 silly gunzTarPerm extractEntry test/assets/package-deps-on-jquery-old/component.json
514 silly gunzTarPerm extractEntry test/assets/package-empty-rc/.bowerrc
515 silly gunzTarPerm extractEntry test/assets/package-empty-rc/component.json
516 silly gunzTarPerm extractEntry test/assets/package-empty-rc/foocomponent.json
517 silly gunzTarPerm extractEntry test/assets/package-ignorables/index.js
518 silly gunzTarPerm extractEntry test/assets/package-ignorables/.casey
519 silly gunzTarPerm extractEntry test/assets/package-ignorables/.hide/turtle-location.mdown
520 silly gunzTarPerm extractEntry test/assets/package-ignorables/component.json
521 silly gunzTarPerm extractEntry test/assets/package-ignorables/config/.jshintrc
522 silly gunzTarPerm extractEntry test/assets/package-ignorables/don.txt
523 silly gunzTarPerm extractEntry test/assets/package-ignorables/leo.txt
524 silly gunzTarPerm extractEntry test/assets/package-ignorables/lib/april.txt
525 silly gunzTarPerm extractEntry test/assets/package-ignorables/names.txt
526 silly gunzTarPerm extractEntry test/assets/package-ignorables/test/shredder.js
527 silly gunzTarPerm extractEntry test/assets/package-ignorables/test/splinter.js
528 silly gunzTarPerm extractEntry test/assets/package-invalid-json/index.js
529 silly gunzTarPerm extractEntry test/assets/package-invalid-json/component.json
530 silly gunzTarPerm extractEntry test/assets/package-jquery/foo.js
531 silly gunzTarPerm extractEntry test/assets/package-jquery/index.js
532 silly gunzTarPerm extractEntry test/assets/package-jquery/component.json
533 silly gunzTarPerm extractEntry test/assets/package-jquery-copy/index.js
534 silly gunzTarPerm extractEntry test/assets/package-jquery-copy/component.json
535 silly gunzTarPerm extractEntry test/assets/package-no-json/index.js
536 silly gunzTarPerm extractEntry test/assets/package-bootstrap/index.js
537 silly gunzTarPerm extractEntry test/assets/package-bootstrap/component.json
538 silly gunzTarPerm extractEntry test/assets/package-nonstandard-json-copy/foocomponent.json
539 silly gunzTarPerm extractEntry test/assets/package-repo/README.md
540 silly gunzTarPerm extractEntry test/assets/package-repo/LICENSE
541 silly gunzTarPerm extractEntry test/assets/package-repo/spark-md5.js
542 silly gunzTarPerm extractEntry test/assets/package-repo/spark-md5.min.js
543 silly gunzTarPerm extractEntry test/assets/package-repo/.jshintrc
544 silly gunzTarPerm extractEntry test/assets/package-repo/git_repo/description
545 silly gunzTarPerm extractEntry test/assets/package-repo/git_repo/logs/HEAD
546 silly gunzTarPerm extractEntry test/assets/package-repo/git_repo/logs/refs/heads/master
547 silly gunzTarPerm extractEntry test/assets/package-repo/git_repo/logs/refs/remotes/origin/HEAD
548 silly gunzTarPerm extractEntry test/assets/package-repo/git_repo/logs/refs/remotes/origin/master
549 silly gunzTarPerm extractEntry test/assets/package-repo/git_repo/FETCH_HEAD
550 silly gunzTarPerm extractEntry test/assets/package-repo/git_repo/HEAD
551 silly gunzTarPerm extractEntry test/assets/package-repo/git_repo/hooks/applypatch-msg.sample
552 silly gunzTarPerm extractEntry test/assets/package-repo/git_repo/hooks/commit-msg.sample
553 silly gunzTarPerm extractEntry test/assets/package-repo/git_repo/hooks/post-commit.sample
554 silly gunzTarPerm extractEntry test/assets/package-repo/git_repo/hooks/post-receive.sample
555 silly gunzTarPerm extractEntry test/assets/package-repo/git_repo/hooks/post-update.sample
556 silly gunzTarPerm extractEntry test/assets/package-repo/git_repo/hooks/pre-applypatch.sample
557 silly gunzTarPerm extractEntry test/assets/package-repo/git_repo/hooks/pre-commit.sample
558 silly gunzTarPerm extractEntry test/assets/package-repo/git_repo/hooks/pre-rebase.sample
559 silly gunzTarPerm extractEntry test/assets/package-repo/git_repo/hooks/prepare-commit-msg.sample
560 silly gunzTarPerm extractEntry test/assets/package-repo/git_repo/hooks/update.sample
561 silly gunzTarPerm extractEntry test/assets/package-repo/git_repo/index
562 silly gunzTarPerm extractEntry test/assets/package-repo/git_repo/info/exclude
563 silly gunzTarPerm extractEntry test/assets/package-repo/git_repo/config
564 silly gunzTarPerm extractEntry test/assets/package-repo/git_repo/objects/0d/af124cc7163788c501f382461e45bd1de8e7ab
565 silly gunzTarPerm extractEntry test/assets/package-repo/git_repo/objects/8e/353e91e31d9d1e155e12bc29ca14af0afcbe06
566 silly gunzTarPerm extractEntry test/assets/package-repo/git_repo/objects/14/42d7b7f77a570522883398e544ee78fdb1a30a
567 silly gunzTarPerm extractEntry test/assets/package-repo/git_repo/objects/1d/91729839ff499a8ace40628f65fafe9acfd043
568 silly gunzTarPerm extractEntry test/assets/package-repo/git_repo/objects/1d/cd807701aafabafb6cff8313b8becea7908a61
569 silly gunzTarPerm extractEntry test/assets/package-repo/git_repo/objects/20/42506f6dd1e6baed04bba341891dc3b7781a70
570 silly gunzTarPerm extractEntry test/assets/package-repo/git_repo/objects/32/3c26e45c06f688d1b00ee04a53ddafaf066d5e
571 silly gunzTarPerm extractEntry test/assets/package-repo/git_repo/objects/3f/84fca5dba20dfbff011c1ec87952892e7829b3
572 silly gunzTarPerm extractEntry test/assets/package-repo/git_repo/objects/48/7a6ae84da8e4a1ee95cf59c7df8ea436fabf4c
573 silly gunzTarPerm extractEntry test/assets/package-repo/git_repo/objects/4e/576c52cb630491ebcf62a77f5e81077c3be57e
574 silly gunzTarPerm extractEntry test/assets/package-repo/git_repo/objects/52/8f8e1553e2b03aee7ab6eb9216b3ed89061784
575 silly gunzTarPerm extractEntry test/assets/package-repo/git_repo/objects/68/9c63b3432aaece15106f8b2162619f982ec370
576 silly gunzTarPerm extractEntry test/assets/package-repo/git_repo/objects/69/bc69fdce113f9c1566aec1392bcc79d10d454b
577 silly gunzTarPerm extractEntry test/assets/package-repo/git_repo/objects/6c/1354ad5764e71a3bf30650013f0f0e9a897450
578 silly gunzTarPerm extractEntry test/assets/package-repo/git_repo/objects/75/7a3f84cfbf1fc94ce0c67d2f016690eb495bb5
579 silly gunzTarPerm extractEntry test/assets/package-repo/git_repo/objects/7a/0419da6bb16bbccf5e07f9bcd1754108ed9d1a
580 silly gunzTarPerm extractEntry test/assets/package-repo/git_repo/objects/80/95211f85d5038d6f2ee248a134cf7e7d28e123
581 silly gunzTarPerm extractEntry test/assets/package-repo/git_repo/objects/83/0e1eb1a47c76ecfd3c1df4ab1485dc8188cf3c
582 silly gunzTarPerm extractEntry test/assets/package-repo/git_repo/objects/88/259581b83fd9081b94deebf2a7632590f09f83
583 silly gunzTarPerm extractEntry test/assets/package-repo/git_repo/objects/8c/ffccc175240ac0346bd2171a0d25d7c6a88c5f
584 silly gunzTarPerm extractEntry test/assets/package-repo/git_repo/objects/01/df57df1726b7a1a07e981c1ce316436a381e35
585 silly gunzTarPerm extractEntry test/assets/package-repo/git_repo/objects/90/ed234fb0708235a733bcae0e5b90bd4fac5321
586 silly gunzTarPerm extractEntry test/assets/package-repo/git_repo/objects/92/afeeb69adc7fd744bb4d6556dc3d7204cb71fa
587 silly gunzTarPerm extractEntry test/assets/package-repo/git_repo/objects/97/17b8c32f1c6acfbe3db68df8856a6630e4772d
588 silly gunzTarPerm extractEntry test/assets/package-repo/git_repo/objects/9c/7fa0117320c0c8b3f7d760143bad93c6e34b9d
589 silly gunzTarPerm extractEntry test/assets/package-repo/git_repo/objects/9e/1ea691c15d1fcbd4df08a43381e52c6b4b8f83
590 silly gunzTarPerm extractEntry test/assets/package-repo/git_repo/objects/a2/1a15efe0034e57f1455f55ca1cd7805e25adfd
591 silly gunzTarPerm extractEntry test/assets/package-repo/git_repo/objects/aa/77627e06564ada85565b7fee02d9c28047f35a
592 silly gunzTarPerm extractEntry test/assets/package-repo/git_repo/objects/bb/01907369ff7accc18d6ec5b17d231f4217ac2d
593 silly gunzTarPerm extractEntry test/assets/package-repo/git_repo/objects/be/9b0e2ca43b223ab14df61b868e95cb412c6faa
594 silly gunzTarPerm extractEntry test/assets/package-repo/git_repo/objects/bf/7794b69000bbaa6598c3f67cc70c6a51d6ca3d
595 silly gunzTarPerm extractEntry test/assets/package-repo/git_repo/objects/ca/dd0beb4df19711eb9ce432608504cc21beebf3
596 silly gunzTarPerm extractEntry test/assets/package-repo/git_repo/objects/d3/e127498b258d1827d03aa8980fc8db868352ad
597 silly gunzTarPerm extractEntry test/assets/package-repo/git_repo/objects/d7/bb417d109af63c5bcbd7f7484ddfa66f38af13
598 silly gunzTarPerm extractEntry test/assets/package-repo/git_repo/objects/ec/b67101368c505a6c23f1a1966d13c6aa66483f
599 silly gunzTarPerm extractEntry test/assets/package-repo/git_repo/objects/ee/947ec6a8a56f6c57d3fb48d10f8c104c66f4ce
600 silly gunzTarPerm extractEntry test/assets/package-repo/git_repo/objects/f2/4e11fa324ac703273a03f54c3d60d840e69e24
601 silly gunzTarPerm extractEntry test/assets/package-repo/git_repo/objects/f9/260e4e30eb5e9f7d08751c6348e90b505f8af0
602 silly gunzTarPerm extractEntry test/assets/package-repo/git_repo/objects/f9/3f2fb92626ffd5bb9a17b5e2b2642f2c70c014
603 silly gunzTarPerm extractEntry test/assets/package-repo/git_repo/objects/fb/18250b19f479c46a49a393a8f8f932ed083b55
604 silly gunzTarPerm extractEntry test/assets/package-repo/git_repo/objects/pack/pack-af6aba8bdcf0fc9c7b4a690e6e2976ed7bbb8521.idx
605 silly gunzTarPerm extractEntry test/assets/package-repo/git_repo/objects/pack/pack-af6aba8bdcf0fc9c7b4a690e6e2976ed7bbb8521.pack
606 silly gunzTarPerm extractEntry test/assets/package-repo/git_repo/ORIG_HEAD
607 silly gunzTarPerm extractEntry test/assets/package-repo/git_repo/packed-refs
608 silly gunzTarPerm extractEntry test/assets/package-repo/git_repo/refs/heads/master
609 silly gunzTarPerm extractEntry test/assets/package-repo/git_repo/refs/remotes/origin/HEAD
610 silly gunzTarPerm extractEntry test/assets/package-repo/git_repo/refs/remotes/origin/master
611 silly gunzTarPerm extractEntry test/assets/package-repo/git_repo/refs/tags/0.0.1
612 silly gunzTarPerm extractEntry test/assets/package-repo/git_repo/refs/tags/0.0.2
613 silly gunzTarPerm extractEntry test/assets/package-repo/git_repo/tortoisegit.data
614 silly gunzTarPerm extractEntry test/assets/package-repo/git_repo/tortoisegit.index
615 silly gunzTarPerm extractEntry test/assets/package-repo/test/file_reader.html
616 silly gunzTarPerm extractEntry test/assets/package-repo/test/index.html
617 silly gunzTarPerm extractEntry test/assets/project/.npmignore
618 silly gunzTarPerm extractEntry test/assets/project/component.json
619 silly gunzTarPerm extractEntry test/assets/project-nested/component.json
620 silly gunzTarPerm extractEntry test/assets/project-nested-conflict/component.json
621 silly gunzTarPerm extractEntry test/assets/project-nonstandard-json/foocomponent.json
622 silly gunzTarPerm extractEntry test/assets/project-static/component.json
623 silly gunzTarPerm extractEntry test/assets/sprockets/.npmignore
624 silly gunzTarPerm extractEntry test/assets/sprockets/assets/application.js
625 silly gunzTarPerm extractEntry test/assets/sprockets/component.json
626 silly gunzTarPerm extractEntry test/assets/sprockets/Rakefile
627 silly gunzTarPerm extractEntry bin/bower
628 silly gunzTarPerm extractEntry Makefile
629 silly gunzTarPerm extractEntry CHANGELOG.md
630 silly gunzTarPerm extractEntry .jshintrc
631 silly gunzTarPerm extractEntry templates/complete.mustache
632 silly gunzTarPerm extractEntry templates/help-uninstall.mustache
633 silly gunzTarPerm extractEntry templates/completion.mustache
634 silly gunzTarPerm extractEntry templates/conflict.mustache
635 silly gunzTarPerm extractEntry templates/error-summary.mustache
636 silly gunzTarPerm extractEntry templates/error.mustache
637 silly gunzTarPerm extractEntry templates/help-cache-clean.mustache
638 silly gunzTarPerm extractEntry templates/help-completion.mustache
639 silly gunzTarPerm extractEntry templates/help-info.mustache
640 silly gunzTarPerm extractEntry templates/help-install.mustache
641 silly gunzTarPerm extractEntry templates/help-link.mustache
642 silly gunzTarPerm extractEntry templates/help-list.mustache
643 silly gunzTarPerm extractEntry templates/help-lookup.mustache
644 silly gunzTarPerm extractEntry templates/help-register.mustache
645 silly gunzTarPerm extractEntry templates/help-search.mustache
646 silly gunzTarPerm extractEntry templates/action.mustache
647 silly gunzTarPerm extractEntry templates/help-update.mustache
648 silly gunzTarPerm extractEntry templates/help.mustache
649 silly gunzTarPerm extractEntry templates/info.mustache
650 silly gunzTarPerm extractEntry templates/link.mustache
651 silly gunzTarPerm extractEntry templates/lookup.mustache
652 silly gunzTarPerm extractEntry templates/register.mustache
653 silly gunzTarPerm extractEntry templates/resolved-conflict.mustache
654 silly gunzTarPerm extractEntry templates/search-empty.mustache
655 silly gunzTarPerm extractEntry templates/search.mustache
656 silly gunzTarPerm extractEntry templates/suggestions.mustache
657 silly gunzTarPerm extractEntry templates/tree-branch.mustache
658 silly gunzTarPerm extractEntry templates/warn.mustache
659 silly gunzTarPerm extractEntry templates/warning-mismatch.mustache
660 silly gunzTarPerm extractEntry templates/warning-missing.mustache
661 silly gunzTarPerm extractEntry templates/warning-uninstall.mustache
662 silly gunzTarPerm extractEntry .travis.yml
663 verbose read json /home/axyz/.npm/bower/0.7.1/package/package.json
664 silly lockFile baf170b0-ome-axyz-npm-bower-0-7-1-package /home/axyz/.npm/bower/0.7.1/package
665 silly lockFile baf170b0-ome-axyz-npm-bower-0-7-1-package /home/axyz/.npm/bower/0.7.1/package
666 silly lockFile e545e619-axyz-npm-bower-0-7-1-package-tgz /home/axyz/.npm/bower/0.7.1/package.tgz
667 silly lockFile e545e619-axyz-npm-bower-0-7-1-package-tgz /home/axyz/.npm/bower/0.7.1/package.tgz
668 silly shasum updated bytes 40960
669 silly shasum updated bytes 40960
670 silly shasum updated bytes 40960
671 silly shasum updated bytes 40960
672 silly shasum updated bytes 738
673 info shasum 9a90736df146df7c3560e5c5bcab54488c235abf
673 info shasum /home/axyz/.npm/bower/0.7.1/package.tgz
674 verbose from cache /home/axyz/.npm/bower/0.7.1/package/package.json
675 verbose chmod /home/axyz/.npm/bower/0.7.1/package.tgz 644
676 verbose chown /home/axyz/.npm/bower/0.7.1/package.tgz [ 1000, 100 ]
677 silly lockFile ee13f4ce--npmjs-org-bower-bower-0-7-1-tgz https://registry.npmjs.org/bower/-/bower-0.7.1.tgz
678 silly lockFile ee13f4ce--npmjs-org-bower-bower-0-7-1-tgz https://registry.npmjs.org/bower/-/bower-0.7.1.tgz
679 silly lockFile 3fff1a02-bower-0-7-1 bower@0.7.1
680 silly lockFile 3fff1a02-bower-0-7-1 bower@0.7.1
681 silly lockFile 1240aab1-bower bower@
682 silly lockFile 1240aab1-bower bower@
683 silly resolved [ { name: 'grunt-cli',
683 silly resolved     description: 'The grunt command line interface.',
683 silly resolved     version: '0.1.6',
683 silly resolved     author: { name: 'Grunt Team' },
683 silly resolved     homepage: 'http://gruntjs.com/',
683 silly resolved     repository: { type: 'git', url: 'git://github.com/gruntjs/grunt-cli.git' },
683 silly resolved     bugs: { url: 'http://github.com/gruntjs/grunt-cli/issues' },
683 silly resolved     licenses: [ [Object] ],
683 silly resolved     bin: { grunt: 'bin/grunt' },
683 silly resolved     engines: { node: '>= 0.8.0' },
683 silly resolved     scripts: { test: './bin/grunt test' },
683 silly resolved     preferGlobal: true,
683 silly resolved     dependencies: { nopt: '~1.0.10', 'findup-sync': '~0.1.0' },
683 silly resolved     devDependencies: { grunt: '~0.4.0rc4', 'grunt-contrib-jshint': '~0.1.0' },
683 silly resolved     contributors: [ [Object], [Object], [Object] ],
683 silly resolved     readme: '# grunt-cli [![Build Status](https://secure.travis-ci.org/gruntjs/grunt-cli.png?branch=master)](http://travis-ci.org/gruntjs/grunt-cli)\n> The grunt command line interface.\n\nInstall this globally and you\'ll have access to the `grunt` command anywhere on your system.\n\n```shell\nnpm install -g grunt-cli\n```\n\n**Note:** The job of the `grunt` command is to load and run the version of grunt you have installed locally to your project, irrespective of its version.  Starting with grunt v0.4, you should never install grunt itself globally.  For more information about why, [please read this](http://blog.nodejs.org/2011/03/23/npm-1-0-global-vs-local-installation).\n\nSee the grunt [Getting Started](http://gruntjs.com/getting-started) guide for more information.\n\n## Shell tab auto-completion\nTo enable bash tab auto-completion for grunt, add the following line to your `~/.bashrc` file. Currently, the only supported shell is bash.\n\n```bash\neval "$(grunt --completion=bash)"\n```\n',
683 silly resolved     readmeFilename: 'README.md',
683 silly resolved     _id: 'grunt-cli@0.1.6',
683 silly resolved     dist: { shasum: '2578e488c4ac78f5c92b1def86a1232900d93f61' },
683 silly resolved     _from: 'grunt-cli@',
683 silly resolved     _resolved: 'https://registry.npmjs.org/grunt-cli/-/grunt-cli-0.1.6.tgz' },
683 silly resolved   { name: 'yo',
683 silly resolved     version: '1.0.0-beta.2',
683 silly resolved     description: 'Yo is a CLI tool for scaffolding out Yeoman projects',
683 silly resolved     keywords:
683 silly resolved      [ 'front-end',
683 silly resolved        'development',
683 silly resolved        'dev',
683 silly resolved        'build',
683 silly resolved        'web',
683 silly resolved        'tool',
683 silly resolved        'cli',
683 silly resolved        'scaffold',
683 silly resolved        'stack' ],
683 silly resolved     homepage: 'http://yeoman.io',
683 silly resolved     bugs: 'https://github.com/yeoman/yo/issues',
683 silly resolved     author: { name: 'Chrome Developer Relations' },
683 silly resolved     bin: { yo: 'bin/yo' },
683 silly resolved     repository: { type: 'git', url: 'git://github.com/yeoman/yo.git' },
683 silly resolved     scripts: { test: 'mocha test/test-*.js' },
683 silly resolved     dependencies:
683 silly resolved      { 'yeoman-generator': '~0.10.0',
683 silly resolved        'generator-webapp': '~0.1.0',
683 silly resolved        'generator-mocha': '~0.1.0',
683 silly resolved        colors: '~0.6.0',
683 silly resolved        nopt: '~2.1.1',
683 silly resolved        lodash: '~1.0.0-rc.3',
683 silly resolved        'update-notifier': '~0.1.2',
683 silly resolved        insight: '~0.1.0' },
683 silly resolved     devDependencies: { mocha: '~1.8.1', ronn: '~0.3.8', grunt: '~0.4.0rc7' },
683 silly resolved     engines: { node: '>=0.8.0' },
683 silly resolved     preferGlobal: true,
683 silly resolved     licenses: [ [Object] ],
683 silly resolved     readme: '# Yo [![Build Status](https://secure.travis-ci.org/yeoman/yo.png?branch=master)](http://travis-ci.org/yeoman/yo)\n\nCLI tool for scaffolding out [Yeoman](https://github.com/yeoman/yeoman) projects\n\n## [Documentation](https://github.com/yeoman/yeoman/wiki)\n\n\n## Contribute\n\nSee the [contributing docs](https://github.com/yeoman/yeoman/blob/master/contributing.md)\n\n\n## License\n\n[BSD license](http://opensource.org/licenses/bsd-license.php) and copyright Google\n',
683 silly resolved     readmeFilename: 'readme.md',
683 silly resolved     _id: 'yo@1.0.0-beta.2',
683 silly resolved     dist: { shasum: '94143f590c2853dc73a3d4a309ccf5c4595e7fa6' },
683 silly resolved     _from: 'yo@',
683 silly resolved     _resolved: 'https://registry.npmjs.org/yo/-/yo-1.0.0-beta.2.tgz' },
683 silly resolved   { name: 'bower',
683 silly resolved     description: 'The browser package manager.',
683 silly resolved     version: '0.7.1',
683 silly resolved     author: { name: 'Twitter' },
683 silly resolved     licenses: [ [Object] ],
683 silly resolved     main: 'lib',
683 silly resolved     homepage: 'http://twitter.github.com/bower',
683 silly resolved     engines: { node: '>=0.8.0' },
683 silly resolved     dependencies:
683 silly resolved      { tmp: '~0.0.16',
683 silly resolved        vows: '~0.6.4',
683 silly resolved        glob: '~3.1.14',
683 silly resolved        nopt: '~2.0.0',
683 silly resolved        archy: '~0.0.2',
683 silly resolved        async: '~0.1.22',
683 silly resolved        colors: '~0.6.0-1',
683 silly resolved        rimraf: '~2.0.2',
683 silly resolved        mkdirp: '~0.3.4',
683 silly resolved        semver: '~1.1.0',
683 silly resolved        request: '~2.11.4',
683 silly resolved        fstream: '~0.1.19',
683 silly resolved        'hogan.js': '~2.0.0',
683 silly resolved        lodash: '~0.9.1',
683 silly resolved        'read-package-json': '~0.1.8',
683 silly resolved        stable: '~0.1.2',
683 silly resolved        rc: '~0.0.6',
683 silly resolved        unzip: '0.0.4',
683 silly resolved        tar: '~0.1.13' },
683 silly resolved     scripts: { test: 'mocha -R spec -t 20000' },
683 silly resolved     devDependencies: { mocha: '~1.6.0', nock: '~0.13.5' },
683 silly resolved     bin: { bower: 'bin/bower' },
683 silly resolved     preferGlobal: true,
683 silly resolved     readme: 'BOWER [![Build Status](https://secure.travis-ci.org/twitter/bower.png)](http://travis-ci.org/twitter/bower)\n=====\n\n### Introduction\n\nBower is a package manager for the web. Bower lets you easily install assets such as images, CSS and JavaScript, and manages dependencies for you.\n\nFor example, to install a package, run:\n\n    bower install jquery\n\nThis will download jQuery to `./components/jquery`. That\'s it. The idea is that Bower does package management and package management only.\n\n### Installing Bower\n\nBower is installed using [Node](http://nodejs.org/) and [npm](http://npmjs.org/) (oh my, how meta).\n\n    npm install bower -g\n\n### Usage\n\nYour best friend at this stage is probably `bower --help`.\n\nTo install a package:\n\n    bower install jquery\n    bower install git://github.com/components/jquery.git\n    bower install components/jquery (same as above)\n    bower install http://foo.com/jquery.awesome-plugin.js\n    bower install ./repos/jquery\n\nAs you can see, packages can be installed by name, Git endpoint, GitHub shorthand, URL or local path.\nIf you install from a URL that points to a zip or tar file, bower will automatically extract its contents.\nWhen tags are available in the endpoint, you can specify a [semver](http://semver.org/) tag to fetch concrete versions:\n\n    bower install jquery#1.8.1\n    bower install git://github.com/components/jquery.git#~1.8.1\n    bower install components/jquery#1.8.x\n\nBower also works with private Git repositories. Simply reference them by their SSH endpoint:\n\n    bower install git@github.com:user/private-package.git\n\n[View all packages available through Bower\'s registry](http://sindresorhus.com/bower-components/).\n\nDuring install you can have Bower add an entry to your component.json as well:\n\n    bower install --save jquery\n\nTo update a package, reference it by name:\n\n    bower update jquery-ui\n\nTo list installed packages:\n\n    bower list\n\nTo search for packages:\n\n    bower search [name]\n\nTo list all the available packages, just call `bower search` without specifying a name.\n\nTo clean the cache:\n\n    bower cache-clean [name]\n\nSeveral packages can be cleaned at the same time.\nTo clean the entire cache, just call `bower cache-clean` without any names.\nAlso, both the install and update commands have a `--force` flag that tells bower to bypass the cache and always fetch remote sources.\n\nYou can disable colors by using the `--no-color` flag.\n\n### Bower Configuration\n\nBower can be configured by creating a .bowerrc file in your home folder (usually ~/.bowerrc) with one or all of the following configuration parameters. You can also configure Bower on a per-project basis by creating a .bowerrc file in the project directory, Bower will merge this configuration with the configuration found in your home directory. This allows you to version your project specific Bower configuration with the rest of your code base.\n\n```json\n{\n  "directory" : "components",\n  "json"      : "component.json",\n  "endpoint"  : "https://bower.herokuapp.com"\n}\n```\n\nTo run your own Bower Endpoint for custom components/packages that are behind a firewall you can use a simple implementation of bower server at https://github.com/twitter/bower-server.\n\nThe __searchpath__ array provides additional URLs of read-only Bower registries that should be consulted to look up components.  This is most typically used if your business wishes to\nhouse some components internally while still taking advantage of public Bower registries.  For example, you might configure the following:\n\n```json\n{\n  "directory"  : "components",\n  "json"       : "component.json",\n  "endpoint"   : "http://bower.mycompany.com",\n  "searchpath" : ["https://bower.herokuapp.com"]\n}\n```\n\nBower will first look to **http://bower.mycompany.com** while trying to find your components.  If not found, the main registry at **https://bower.herokuapp.com** will be consulted to see if a copy of the resource can be retrieved.\n\n\n### Defining a package\n\nYou can create a `component.json` file in your project\'s root, specifying all of its dependencies. This is similar to Node\'s `package.json`, or Ruby\'s `Gemfile`, and is useful for locking down a project\'s dependencies.\n\n```json\n{\n  "name": "myProject",\n  "version": "1.0.0",\n  "main": "./path/to/main.css",\n  "dependencies": {\n    "jquery": "~1.7.2"\n  }\n}\n```\n\nPut this under your project\'s root, listing all of your dependencies. When you run `bower install`, Bower will read this `component.json` file, resolve all the relevant dependencies and install them.\n\nFor now, `name`, `version`, `main`, `dependencies`, and `ignore` are the only properties that are used by Bower. If you have several files you\'re distributing as part of your package, pass an array to `main` like this:\n\n```json\n{\n  "name": "myProject",\n  "version": "1.0.0",\n  "main": ["./path/to/app.css", "./path/to/app.js", "./path/to/sprite.img"],\n  "dependencies": {\n    "jquery": "~1.7.2"\n  }\n}\n```\n\nBower only recognizes versions that follow the [semver](http://semver.org/) specification.\nThere should only be at most one file per file type in the `main` list. So only one `.js` or `.css`.\n\nYou can also point to packages by adding their URL or file path in the dependency\'s property.\n\n```json\n{\n  "dependencies": {\n    "eventEmitter": "Wolfy87/EventEmitter", // GitHub short URL\n    "eventEmitter": "Wolfy87/EventEmitter#>=3", // with version\n    "eventEmitter": "git://github.com/Wolfy87/EventEmitter",\n    "eventEmitter": "git@github.com:Wolfy87/EventEmitter.git"\n  }\n}\n```\n\nChances are you have a bunch of extra stuff in the repo that are not needed in production. List these non-necessary file paths in `ignore`.\n\n```json\n{\n  "ignore": [\n    "tests/",\n    "**/*.txt"\n  ]\n}\n```\n\n### Installing dependencies\n\nDependencies are installed locally via the `bower install` command. First theyre resolved to find conflicts. Then theyre downloaded and unpacked in a local subdirectory called `./components`, for example:\n\n\n```\n/component.json\n/components/jquery/index.js\n/components/jquery/component.json\n```\n\nYou can also install packages one at a time `bower install git://my/git/thing`\n\nThere are no system wide dependencies, no dependencies are shared between different apps, and the dependency tree is flat.\n\n### Deploying\n\nThe easiest approach is to use Bower statically, just reference the packages manually from a script tag:\n\n    <script src="components/jquery/index.js"></script>\n\nFor more complex projects, you\'ll probably want to concatenate your scripts. Bower is just a package manager, but there are lots of awesome libraries out there to help you do this, such as [Sprockets](https://github.com/sstephenson/sprockets) and [RequireJS](http://requirejs.org/).\n\nFor example, to use Sprockets:\n\n```ruby\nenvironment = Sprockets::Environment.new\nenvironment.append_path \'components\'\nenvironment.append_path \'public\'\nrun environment\n```\n\n### Package Consumption\n\nBower also makes available a source mappingthis can be used by build tools to easily consume Bower components.\n\nIf you pass the option `--map` to bower\'s `list` command, it will generate a JSON with dependency objects. Alternatively, you can pass the `--paths` flag to the `list` command to get a simple path to name mapping:\n\n```json\n{\n  "backbone": "components/backbone/index.js",\n  "jquery": "components/jquery/index.js",\n  "underscore": "components/underscore/index.js"\n}\n```\n\n### Authoring packages\n\nTo register a new package, it\'s as simple as specifying a `component.json`, pushing the package to a Git endpoint, say GitHub, and running:\n\n    bower register myawesomepackagename git://github.com/maccmans/face\n\nThere\'s no authentication or user management. It\'s on a first come, first served basis. Think of it like a URL shortener. Now anyone can run `bower install myawesomepackagename`, and get your library installed.\n\nThere is no direct way to unregister a package yet. Meanwhile you can request it [here](https://github.com/twitter/bower/issues/120).\n\n### Philosophy\n\nCurrently, people are managing dependencies, such as JavaScript libraries, manually. This sucks, and we want to change it.\n\nIn a nutshell, Bower is a generic tool which will resolve dependencies and lock packages down to a version. It runs over Git, and is package-agnostic. A package may contain JavaScript, CSS, images, etc., and doesn\'t rely on any particular transport (AMD, CommonJS, etc.).\n\nBower then makes available a simple programmatic API which exposes the package dependency model, so that existing build tools (like Sprockets, LoadBuilder, curls.js, Ender, etc.) can consume it and build files accordingly.\n\n\n### Programmatic API\n\nBower provides a pretty powerful programmatic api. All commands can be accessed through the `bower.commands` object.\n\n```js\nvar bower = require(\'bower\');\n\nbower.commands\n  .install(paths, options)\n  .on(\'end\', function (data) {\n    data && console.log(data);\n  });\n```\n\nAll commands emit three types of events: `data`, `end`, and `error`.\n\nFor a better of idea how this works, you may want to check out [our bin file](https://github.com/twitter/bower/blob/master/bin/bower).\n\nFor the install command, there is an additional `package` event that is emitted for each installed/uninstalled package.\n\n\n### Completion\n\n**experimental**\n\nBased on the completion feature and fantastic work done in\n[npm](https://npmjs.org/doc/completion.html), Bower now has an experimental\n`completion` command that works similarly.\n\nThis command will output a Bash / ZSH script to put into your `~/.bashrc`, `~/.bash_profile` or `~/.zshrc` file.\n\n```\nbower completion >> ~/.bash_profile\n```\n\n*This doesn\'t work for Windows user, even with Cygwin.*\n\n\n### Windows users\n\nA lot of people are experiencing problems using bower on windows because [msysgit](http://code.google.com/p/msysgit/) must be installed correctly.\nBe sure to check the option shown above, otherwise it will simply not work:\n\n![msysgit](http://f.cl.ly/items/2V2O3i1p3R2F1r2v0a12/mysgit.png)\n\n\n### FAQ\n\n**What distinguishes Bower from Jam, Volo or Ender? What does it do better?**\n\nBower is a lower level component than Jam, Volo, or Ender. These managers could consume Bower as a dependency.\n\nBower\'s aim is simply to install Git paths, resolve dependencies from a `component.json`, check versions, and then provide an API which reports on these things. Nothing more. This is a major diversion from past attempts at browser package management.\n\nBower is working under the assumption that there is a single, common problem in frontend application development: dependency resolution. Past attempts (Jam, Volo, Ender) try to tackle this problem in such a way that they actually end up alienating and further segregating the JavaScript community around transports (Sprockets, CommonJS, RequireJS, regular script tags).\n\nBower offers a generic, unopinionated solution to the problem of package management, while exposing an API that can be consumed by a more opinionated build stack.\n\n**Volo is an arguably more established project and works with the GitHub search API. Will it take long for Bower to contain a decent number of packages?**\n\nBower (being a Git powered package manager) should, in theory, be capable of consuming every package that Volo does, with the additional benefit of supporting internal networks and other Git repositories not hosted on GitHub.\n\n**We recently saw what happened when the main NPM registry went down. Is a single point of failure possible for Bower and if so, do you have redundancy planned?**\n\nThere\'s no redundancy planned at the moment, as Bower just installs Git URLs. It\'s up to the URL provider to establish redundancy.\n\n**Isn\'t having a `package.json` file going to conflict with my npm\'s `package.json`? Will this be a problem?**\n\nDon\'t use a `package.json`  use a `component.json`.\n\n**Bower is an open-source Twitter project. How well can we expect it to be maintained in the future?**\n\nTwitter is in the process of migrating its frontend architecture onto Bower, so it\'s fairly safe to say it will be maintained and invested in going forward.\n\n\n### Contact\n\nHave a question? Ask on our mailing list!\n\ntwitter-bower@googlegroups.com\n\nhttp://groups.google.com/group/twitter-bower\n\n### Authors\n\n+ [@fat](http://github.com/fat)\n+ [@maccman](http://github.com/maccman)\n+ [@satazor](http://github.com/satazor)\n\nThanks for assistance and contributions:\n\n+ [@addyosmani](http://github.com/addyosmani)\n+ [@angus-c](http://github.com/angus-c)\n+ [@borismus](http://github.com/borismus)\n+ [@chriseppstein](http://github.com/chriseppstein)\n+ [@danwrong](http://github.com/danwrong)\n+ [@desandro](http://github.com/desandro)\n+ [@isaacs](http://github.com/isaacs)\n+ [@josh](http://github.com/josh)\n+ [@jrburke](http://github.com/jrburke)\n+ [@mklabs](http://github.com/mklabs)\n+ [@paulirish](http://github.com/paulirish)\n+ [@rvagg](http://github.com/rvagg)\n+ [@sindresorhus](http://github.com/sindresorhus)\n+ [@SlexAxton](http://github.com/SlexAxton)\n+ [@sstephenson](http://github.com/sstephenson)\n+ [@tomdale](http://github.com/tomdale)\n+ [@uzquiano](http://github.com/uzquiano)\n+ [@visionmedia](http://github.com/visionmedia)\n+ [@wagenet](http://github.com/wagenet)\n+ [@wycats](http://github.com/wycats)\n+ [@sindresorhus](http://github.com/sindresorhus)\n+ [@hemanth](http://github.com/hemanth)\n\n## License\n\nCopyright 2012 Twitter, Inc.\n\nLicensed under the MIT License\n',
683 silly resolved     readmeFilename: 'README.md',
683 silly resolved     _id: 'bower@0.7.1',
683 silly resolved     dist: { shasum: '9a90736df146df7c3560e5c5bcab54488c235abf' },
683 silly resolved     _from: 'bower@',
683 silly resolved     _resolved: 'https://registry.npmjs.org/bower/-/bower-0.7.1.tgz' } ]
684 info install grunt-cli@0.1.6 into /usr/lib
685 info install yo@1.0.0-beta.2 into /usr/lib
686 info install bower@0.7.1 into /usr/lib
687 info installOne grunt-cli@0.1.6
688 info installOne yo@1.0.0-beta.2
689 info installOne bower@0.7.1
690 verbose from cache /home/axyz/.npm/grunt-cli/0.1.6/package/package.json
691 verbose from cache /home/axyz/.npm/yo/1.0.0-beta.2/package/package.json
692 verbose from cache /home/axyz/.npm/bower/0.7.1/package/package.json
693 info /usr/lib/node_modules/grunt-cli unbuild
694 verbose read json /usr/lib/node_modules/grunt-cli/package.json
695 info /usr/lib/node_modules/yo unbuild
696 verbose read json /usr/lib/node_modules/yo/package.json
697 info /usr/lib/node_modules/bower unbuild
698 verbose read json /usr/lib/node_modules/bower/package.json
699 verbose tar unpack /home/axyz/.npm/grunt-cli/0.1.6/package.tgz
700 verbose tar unpack /home/axyz/.npm/yo/1.0.0-beta.2/package.tgz
701 verbose tar unpack /home/axyz/.npm/bower/0.7.1/package.tgz
702 silly lockFile e8d57df1-usr-lib-node-modules-grunt-cli /usr/lib/node_modules/grunt-cli
703 verbose lock /usr/lib/node_modules/grunt-cli /home/axyz/.npm/e8d57df1-usr-lib-node-modules-grunt-cli.lock
704 silly lockFile f416b750--npm-grunt-cli-0-1-6-package-tgz /home/axyz/.npm/grunt-cli/0.1.6/package.tgz
705 verbose lock /home/axyz/.npm/grunt-cli/0.1.6/package.tgz /home/axyz/.npm/f416b750--npm-grunt-cli-0-1-6-package-tgz.lock
706 silly lockFile 9e36c131-usr-lib-node-modules-yo /usr/lib/node_modules/yo
707 verbose lock /usr/lib/node_modules/yo /home/axyz/.npm/9e36c131-usr-lib-node-modules-yo.lock
708 silly lockFile bf57c861--npm-yo-1-0-0-beta-2-package-tgz /home/axyz/.npm/yo/1.0.0-beta.2/package.tgz
709 verbose lock /home/axyz/.npm/yo/1.0.0-beta.2/package.tgz /home/axyz/.npm/bf57c861--npm-yo-1-0-0-beta-2-package-tgz.lock
710 silly lockFile f46d670c-usr-lib-node-modules-bower /usr/lib/node_modules/bower
711 verbose lock /usr/lib/node_modules/bower /home/axyz/.npm/f46d670c-usr-lib-node-modules-bower.lock
712 silly lockFile e545e619-axyz-npm-bower-0-7-1-package-tgz /home/axyz/.npm/bower/0.7.1/package.tgz
713 verbose lock /home/axyz/.npm/bower/0.7.1/package.tgz /home/axyz/.npm/e545e619-axyz-npm-bower-0-7-1-package-tgz.lock
714 silly gunzTarPerm modes [ '755', '644' ]
715 silly gunzTarPerm modes [ '755', '644' ]
716 silly gunzTarPerm modes [ '755', '644' ]
717 error Error: EACCES, mkdir '/usr/lib/node_modules/grunt-cli'
717 error  { [Error: EACCES, mkdir '/usr/lib/node_modules/grunt-cli']
717 error   errno: 3,
717 error   code: 'EACCES',
717 error   path: '/usr/lib/node_modules/grunt-cli',
717 error   fstream_type: 'Directory',
717 error   fstream_path: '/usr/lib/node_modules/grunt-cli',
717 error   fstream_class: 'DirWriter',
717 error   fstream_stack:
717 error    [ 'DirWriter._create (/usr/lib/node_modules/npm/node_modules/fstream/lib/dir-writer.js:36:23)',
717 error      '/usr/lib/node_modules/npm/node_modules/mkdirp/index.js:37:53',
717 error      'Object.oncomplete (fs.js:297:15)' ] }
718 error Please try running this command again as root/Administrator.
719 error System Linux 3.7.7-1-ARCH
720 error command "/usr/bin/node" "/usr/bin/npm" "install" "-g" "yo" "grunt-cli" "bower"
721 error cwd /home/axyz/www/middlemantest
722 error node -v v0.8.19
723 error npm -v 1.2.10
724 error path /usr/lib/node_modules/grunt-cli
725 error fstream_path /usr/lib/node_modules/grunt-cli
726 error fstream_type Directory
727 error fstream_class DirWriter
728 error code EACCES
729 error errno 3
730 error stack Error: EACCES, mkdir '/usr/lib/node_modules/grunt-cli'
731 error fstream_stack DirWriter._create (/usr/lib/node_modules/npm/node_modules/fstream/lib/dir-writer.js:36:23)
731 error fstream_stack /usr/lib/node_modules/npm/node_modules/mkdirp/index.js:37:53
731 error fstream_stack Object.oncomplete (fs.js:297:15)
732 verbose exit [ 3, true ]
